<?xml version="1.0" encoding="UTF-8"?>
<!-- Generated by org.testng.reporters.JUnitReportReporter -->
<testsuite skipped="0" hostname="DESKTOP-VJ72G9N" name="tests.SearchAboutValidValues" tests="2" failures="0" timestamp="23 Mar 2021 19:05:02 GMT" time="15.679" errors="0">
  <testcase name="SearchReturnSuccessfully" time="10.488" classname="tests.SearchAboutValidValues"/>
  <testcase name="RemoveValues" time="5.191" classname="tests.SearchAboutValidValues"/>
</testsuite> <!-- tests.SearchAboutValidValues -->
