<?xml version="1.0" encoding="UTF-8"?>
<!-- Generated by org.testng.reporters.JUnitReportReporter -->
<testsuite skipped="0" hostname="DESKTOP-VJ72G9N" name="tests.PressOnSearchBtnWithEmptyValue" tests="1" failures="0" timestamp="23 Mar 2021 19:04:20 GMT" time="8.425" errors="0">
  <testcase name="Pressonsearchbtn" time="8.425" classname="tests.PressOnSearchBtnWithEmptyValue"/>
</testsuite> <!-- tests.PressOnSearchBtnWithEmptyValue -->
