<?xml version="1.0" encoding="UTF-8"?>
<!-- Generated by org.testng.reporters.JUnitReportReporter -->
<testsuite skipped="0" hostname="DESKTOP-VJ72G9N" name="tests.SearchWithInvalidvalueReturninsteadoption" tests="1" failures="0" timestamp="23 Mar 2021 20:16:39 GMT" time="11.602" errors="0">
  <testcase name="SearchReturnInsteadOption" time="11.602" classname="tests.SearchWithInvalidvalueReturninsteadoption"/>
</testsuite> <!-- tests.SearchWithInvalidvalueReturninsteadoption -->
